<?xml version="1.0" encoding="UTF-8"?>
<!-- Generated by org.testng.reporters.JUnitXMLReporter -->
<testsuite ignored="0" hostname="XOR-BSA-39" failures="0" tests="3" name="Default test" time="20.114" errors="0" timestamp="2022-11-11T18:10:50 IST">
  <testcase classname="TestNGPractice.DependsOnMethod" name="login" time="0.677"/>
  <testcase classname="TestNGPractice.DependsOnMethod" name="verifyUser" time="0.05"/>
  <testcase classname="TestNGPractice.DependsOnMethod" name="logout" time="10.265"/>
</testsuite> <!-- Default test -->
