<?xml version="1.0" encoding="UTF-8"?>
<testng-results ignored="0" total="3" passed="3" failed="0" skipped="0">
  <reporter-output>
  </reporter-output>
  <suite started-at="2022-11-11T18:10:30 IST" name="Default suite" finished-at="2022-11-11T18:10:50 IST" duration-ms="20114">
    <groups>
    </groups>
    <test started-at="2022-11-11T18:10:30 IST" name="Default test" finished-at="2022-11-11T18:10:50 IST" duration-ms="20114">
      <class name="TestNGPractice.DependsOnMethod">
        <test-method is-config="true" signature="initiate()[pri:0, instance:TestNGPractice.DependsOnMethod@4dbb42b7]" started-at="2022-11-11T18:10:30 IST" name="initiate" finished-at="2022-11-11T18:10:39 IST" duration-ms="9031" status="PASS">
          <reporter-output>
          </reporter-output>
        </test-method> <!-- initiate -->
        <test-method signature="login()[pri:0, instance:TestNGPractice.DependsOnMethod@4dbb42b7]" started-at="2022-11-11T18:10:39 IST" name="login" finished-at="2022-11-11T18:10:39 IST" duration-ms="677" status="PASS">
          <reporter-output>
          </reporter-output>
        </test-method> <!-- login -->
        <test-method signature="verifyUser()[pri:0, instance:TestNGPractice.DependsOnMethod@4dbb42b7]" started-at="2022-11-11T18:10:39 IST" name="verifyUser" finished-at="2022-11-11T18:10:40 IST" depends-on-methods="TestNGPractice.DependsOnMethod.login" duration-ms="50" status="PASS">
          <reporter-output>
          </reporter-output>
        </test-method> <!-- verifyUser -->
        <test-method signature="logout()[pri:0, instance:TestNGPractice.DependsOnMethod@4dbb42b7]" started-at="2022-11-11T18:10:40 IST" name="logout" finished-at="2022-11-11T18:10:50 IST" depends-on-methods="TestNGPractice.DependsOnMethod.verifyUser" duration-ms="10265" status="PASS">
          <reporter-output>
          </reporter-output>
        </test-method> <!-- logout -->
      </class> <!-- TestNGPractice.DependsOnMethod -->
    </test> <!-- Default test -->
  </suite> <!-- Default suite -->
</testng-results>
