<?xml version="1.0" encoding="UTF-8"?>
<testng-results ignored="0" total="2" passed="2" failed="0" skipped="0">
  <reporter-output>
  </reporter-output>
  <suite started-at="2022-12-05T23:23:44 IST" name="Default suite" finished-at="2022-12-05T23:23:44 IST" duration-ms="136">
    <groups>
    </groups>
    <test started-at="2022-12-05T23:23:44 IST" name="Default test" finished-at="2022-12-05T23:23:44 IST" duration-ms="136">
      <class name="TestNGPractice.Gmail_Test">
        <test-method signature="LoginTest()[pri:0, instance:TestNGPractice.Gmail_Test@47faa49c]" started-at="2022-12-05T23:23:44 IST" name="LoginTest" finished-at="2022-12-05T23:23:44 IST" duration-ms="19" status="PASS">
          <reporter-output>
          </reporter-output>
        </test-method> <!-- LoginTest -->
        <test-method signature="LogoutTest()[pri:0, instance:TestNGPractice.Gmail_Test@47faa49c]" started-at="2022-12-05T23:23:44 IST" name="LogoutTest" finished-at="2022-12-05T23:23:44 IST" duration-ms="14" status="PASS">
          <reporter-output>
          </reporter-output>
        </test-method> <!-- LogoutTest -->
      </class> <!-- TestNGPractice.Gmail_Test -->
    </test> <!-- Default test -->
  </suite> <!-- Default suite -->
</testng-results>
